<?xml version="1.0" encoding="UTF-8"?>
<!-- Generated by org.testng.reporters.JUnitReportReporter -->
<testsuite hostname="DESKTOP-K1PV4OP" failures="0" tests="1" name="com.crm.testCases.PayoutTest" time="84.841" errors="0" timestamp="2022-09-12T11:08:11 IST" skipped="0">
  <testcase classname="com.crm.testCases.PayoutTest" name="payoutTest" time="84.841"/>
  <system-out/>
</testsuite> <!-- com.crm.testCases.PayoutTest -->
