<?xml version="1.0" encoding="UTF-8"?>
<!-- Generated by org.testng.reporters.JUnitReportReporter -->
<testsuite hostname="DESKTOP-K1PV4OP" failures="0" tests="1" name="com.crm.testCases.Customer360CardViewTest" time="88.496" errors="0" timestamp="2022-12-07T11:45:03 IST" skipped="0">
  <testcase classname="com.crm.testCases.Customer360CardViewTest" name="customer360CardViewTest" time="88.496"/>
  <system-out/>
</testsuite> <!-- com.crm.testCases.Customer360CardViewTest -->
